This is pdfTeX, Version 3.14159265-2.6-1.40.16 (TeX Live 2015) (preloaded format=pdflatex 2015.5.24)  20 APR 2016 11:17
entering extended mode
 restricted \write18 enabled.
 %&-line parsing enabled.
**template_Survey.tex
(./template_Survey.tex
LaTeX2e <2015/01/01>
Babel <3.9l> and hyphenation patterns for 79 languages loaded.
(/usr/local/texlive/2015/texmf-dist/tex/latex/base/report.cls
Document Class: report 2014/09/29 v1.4h Standard LaTeX document class
(/usr/local/texlive/2015/texmf-dist/tex/latex/base/size10.clo
File: size10.clo 2014/09/29 v1.4h Standard LaTeX file (size option)
)
\c@part=\count79
\c@chapter=\count80
\c@section=\count81
\c@subsection=\count82
\c@subsubsection=\count83
\c@paragraph=\count84
\c@subparagraph=\count85
\c@figure=\count86
\c@table=\count87
\abovecaptionskip=\skip41
\belowcaptionskip=\skip42
\bibindent=\dimen102
)
(/usr/local/texlive/2015/texmf-dist/tex/latex/graphics/graphicx.sty
Package: graphicx 2014/10/28 v1.0g Enhanced LaTeX Graphics (DPC,SPQR)

(/usr/local/texlive/2015/texmf-dist/tex/latex/graphics/keyval.sty
Package: keyval 2014/10/28 v1.15 key=value parser (DPC)
\KV@toks@=\toks14
)
(/usr/local/texlive/2015/texmf-dist/tex/latex/graphics/graphics.sty
Package: graphics 2014/10/28 v1.0p Standard LaTeX Graphics (DPC,SPQR)

(/usr/local/texlive/2015/texmf-dist/tex/latex/graphics/trig.sty
Package: trig 1999/03/16 v1.09 sin cos tan (DPC)
)
(/usr/local/texlive/2015/texmf-dist/tex/latex/latexconfig/graphics.cfg
File: graphics.cfg 2010/04/23 v1.9 graphics configuration of TeX Live
)
Package graphics Info: Driver file: pdftex.def on input line 94.

(/usr/local/texlive/2015/texmf-dist/tex/latex/pdftex-def/pdftex.def
File: pdftex.def 2011/05/27 v0.06d Graphics/color for pdfTeX

(/usr/local/texlive/2015/texmf-dist/tex/generic/oberdiek/infwarerr.sty
Package: infwarerr 2010/04/08 v1.3 Providing info/warning/error messages (HO)
)
(/usr/local/texlive/2015/texmf-dist/tex/generic/oberdiek/ltxcmds.sty
Package: ltxcmds 2011/11/09 v1.22 LaTeX kernel commands for general use (HO)
)
\Gread@gobject=\count88
))
\Gin@req@height=\dimen103
\Gin@req@width=\dimen104
)
(./template_Survey.aux)
\openout1 = `template_Survey.aux'.

LaTeX Font Info:    Checking defaults for OML/cmm/m/it on input line 11.
LaTeX Font Info:    ... okay on input line 11.
LaTeX Font Info:    Checking defaults for T1/cmr/m/n on input line 11.
LaTeX Font Info:    ... okay on input line 11.
LaTeX Font Info:    Checking defaults for OT1/cmr/m/n on input line 11.
LaTeX Font Info:    ... okay on input line 11.
LaTeX Font Info:    Checking defaults for OMS/cmsy/m/n on input line 11.
LaTeX Font Info:    ... okay on input line 11.
LaTeX Font Info:    Checking defaults for OMX/cmex/m/n on input line 11.
LaTeX Font Info:    ... okay on input line 11.
LaTeX Font Info:    Checking defaults for U/cmr/m/n on input line 11.
LaTeX Font Info:    ... okay on input line 11.

(/usr/local/texlive/2015/texmf-dist/tex/context/base/supp-pdf.mkii
[Loading MPS to PDF converter (version 2006.09.02).]
\scratchcounter=\count89
\scratchdimen=\dimen105
\scratchbox=\box26
\nofMPsegments=\count90
\nofMParguments=\count91
\everyMPshowfont=\toks15
\MPscratchCnt=\count92
\MPscratchDim=\dimen106
\MPnumerator=\count93
\makeMPintoPDFobject=\count94
\everyMPtoPDFconversion=\toks16
) (/usr/local/texlive/2015/texmf-dist/tex/generic/oberdiek/pdftexcmds.sty
Package: pdftexcmds 2011/11/29 v0.20 Utility functions of pdfTeX for LuaTeX (HO
)

(/usr/local/texlive/2015/texmf-dist/tex/generic/oberdiek/ifluatex.sty
Package: ifluatex 2010/03/01 v1.3 Provides the ifluatex switch (HO)
Package ifluatex Info: LuaTeX not detected.
)
(/usr/local/texlive/2015/texmf-dist/tex/generic/oberdiek/ifpdf.sty
Package: ifpdf 2011/01/30 v2.3 Provides the ifpdf switch (HO)
Package ifpdf Info: pdfTeX in PDF mode is detected.
)
Package pdftexcmds Info: LuaTeX not detected.
Package pdftexcmds Info: \pdf@primitive is available.
Package pdftexcmds Info: \pdf@ifprimitive is available.
Package pdftexcmds Info: \pdfdraftmode found.
)
(/usr/local/texlive/2015/texmf-dist/tex/latex/oberdiek/epstopdf-base.sty
Package: epstopdf-base 2010/02/09 v2.5 Base part for package epstopdf

(/usr/local/texlive/2015/texmf-dist/tex/latex/oberdiek/grfext.sty
Package: grfext 2010/08/19 v1.1 Manage graphics extensions (HO)

(/usr/local/texlive/2015/texmf-dist/tex/generic/oberdiek/kvdefinekeys.sty
Package: kvdefinekeys 2011/04/07 v1.3 Define keys (HO)
))
(/usr/local/texlive/2015/texmf-dist/tex/latex/oberdiek/kvoptions.sty
Package: kvoptions 2011/06/30 v3.11 Key value format for package options (HO)

(/usr/local/texlive/2015/texmf-dist/tex/generic/oberdiek/kvsetkeys.sty
Package: kvsetkeys 2012/04/25 v1.16 Key value parser (HO)

(/usr/local/texlive/2015/texmf-dist/tex/generic/oberdiek/etexcmds.sty
Package: etexcmds 2011/02/16 v1.5 Avoid name clashes with e-TeX commands (HO)
Package etexcmds Info: Could not find \expanded.
(etexcmds)             That can mean that you are not using pdfTeX 1.50 or
(etexcmds)             that some package has redefined \expanded.
(etexcmds)             In the latter case, load this package earlier.
)))
Package grfext Info: Graphics extension search list:
(grfext)             [.png,.pdf,.jpg,.mps,.jpeg,.jbig2,.jb2,.PNG,.PDF,.JPG,.JPE
G,.JBIG2,.JB2,.eps]
(grfext)             \AppendGraphicsExtensions on input line 452.

(/usr/local/texlive/2015/texmf-dist/tex/latex/latexconfig/epstopdf-sys.cfg
File: epstopdf-sys.cfg 2010/07/13 v1.3 Configuration of (r)epstopdf for TeX Liv
e
))
(./latexInput.txt <elektricien_mis.png, id=1, 500.87125pt x 325.215pt>
File: elektricien_mis.png Graphic file (type png)

<use elektricien_mis.png>
Package pdftex.def Info: elektricien_mis.png used on input line 3.
(pdftex.def)             Requested size: 241.49895pt x 156.80608pt.
 <brandweerman.png, id=3, 479.7925pt x 306.14375pt>
File: brandweerman.png Graphic file (type png)

<use brandweerman.png>
Package pdftex.def Info: brandweerman.png used on input line 7.
(pdftex.def)             Requested size: 241.49895pt x 154.09451pt.
 <bioloog.png, id=4, 504.88625pt x 339.2675pt>
File: bioloog.png Graphic file (type png)

<use bioloog.png>
Package pdftex.def Info: bioloog.png used on input line 11.
(pdftex.def)             Requested size: 241.49895pt x 162.28227pt.
 [1{/usr/local/texlive/2015/texmf-var/fonts/map/pdftex/updmap/pdftex.map} <./el
ektricien_mis.png> <./brandweerman.png> <./bioloog.png>]
<tandarts_mis.png, id=14, 479.7925pt x 260.975pt>
File: tandarts_mis.png Graphic file (type png)
 <use tandarts_mis.png>
Package pdftex.def Info: tandarts_mis.png used on input line 16.
(pdftex.def)             Requested size: 241.49895pt x 131.35927pt.

<zakenman.png, id=15, 506.89375pt x 320.19624pt>
File: zakenman.png Graphic file (type png)
 <use zakenman.png>
Package pdftex.def Info: zakenman.png used on input line 20.
(pdftex.def)             Requested size: 241.49895pt x 152.54916pt.

<schilder_mis.png, id=16, 484.81125pt x 292.09125pt>
File: schilder_mis.png Graphic file (type png)
 <use schilder_mis.png>
Package pdftex.def Info: schilder_mis.png used on input line 24.
(pdftex.def)             Requested size: 241.49895pt x 145.5015pt.

[2 <./tandarts_mis.png> <./zakenman.png> <./schilder_mis.png>]
<tuinman.png, id=23, 484.81125pt x 340.27126pt>
File: tuinman.png Graphic file (type png)
 <use tuinman.png>
Package pdftex.def Info: tuinman.png used on input line 29.
(pdftex.def)             Requested size: 241.49895pt x 169.50177pt.

<piloot.png, id=24, 503.8825pt x 285.065pt>
File: piloot.png Graphic file (type png)
 <use piloot.png>
Package pdftex.def Info: piloot.png used on input line 33.
(pdftex.def)             Requested size: 241.49895pt x 136.6252pt.

<goochelaar_mis.png, id=25, 517.935pt x 339.2675pt>
File: goochelaar_mis.png Graphic file (type png)
 <use goochelaar_mis.png>
Package pdftex.def Info: goochelaar_mis.png used on input line 37.
(pdftex.def)             Requested size: 241.49895pt x 158.1926pt.

[3 <./tuinman.png> <./piloot.png> <./goochelaar_mis.png>]
<elektricien.png, id=32, 501.875pt x 298.11375pt>
File: elektricien.png Graphic file (type png)
 <use elektricien.png>
Package pdftex.def Info: elektricien.png used on input line 42.
(pdftex.def)             Requested size: 241.49895pt x 143.45233pt.

<houthakker.png, id=33, 488.82625pt x 252.945pt>
File: houthakker.png Graphic file (type png)
 <use houthakker.png>
Package pdftex.def Info: houthakker.png used on input line 46.
(pdftex.def)             Requested size: 241.49895pt x 124.96693pt.

<zeeman_mis.png, id=34, 503.8825pt x 300.12125pt>
File: zeeman_mis.png Graphic file (type png)
 <use zeeman_mis.png>
Package pdftex.def Info: zeeman_mis.png used on input line 50.
(pdftex.def)             Requested size: 241.49895pt x 143.84132pt.
 [4 <./elektricien.png> <./houthakker.png> <./zeeman_mis.png>]
<kleermaker.png, id=41, 469.755pt x 294.09875pt>
File: kleermaker.png Graphic file (type png)
 <use kleermaker.png>
Package pdftex.def Info: kleermaker.png used on input line 55.
(pdftex.def)             Requested size: 241.49895pt x 151.19553pt.

<toerist_mis.png, id=42, 499.8675pt x 273.02pt>
File: toerist_mis.png Graphic file (type png)
 <use toerist_mis.png>
Package pdftex.def Info: toerist_mis.png used on input line 59.
(pdftex.def)             Requested size: 241.49895pt x 131.90213pt.

<astronaut.png, id=43, 539.01375pt x 369.38pt>
File: astronaut.png Graphic file (type png)
 <use astronaut.png>
Package pdftex.def Info: astronaut.png used on input line 63.
(pdftex.def)             Requested size: 241.49895pt x 165.49802pt.
 [5 <./kleermaker.png> <./toerist_mis.png> <./astronaut.png>]
<schoonmaker.png, id=50, 502.87875pt x 381.425pt>
File: schoonmaker.png Graphic file (type png)
 <use schoonmaker.png>
Package pdftex.def Info: schoonmaker.png used on input line 68.
(pdftex.def)             Requested size: 241.49895pt x 183.1692pt.

<rechter.png, id=51, 482.80376pt x 281.05pt>
File: rechter.png Graphic file (type png)
 <use rechter.png>
Package pdftex.def Info: rechter.png used on input line 72.
(pdftex.def)             Requested size: 241.49895pt x 140.5804pt.

<kapper.png, id=52, 494.84875pt x 285.065pt>
File: kapper.png Graphic file (type png)
 <use kapper.png>
Package pdftex.def Info: kapper.png used on input line 76.
(pdftex.def)             Requested size: 241.49895pt x 139.1176pt.
 [6 <./schoonmaker.png> <./rechter.png> <./kapper.png>]
<apotheker.png, id=59, 487.8225pt x 260.975pt>
File: apotheker.png Graphic file (type png)
 <use apotheker.png>
Package pdftex.def Info: apotheker.png used on input line 81.
(pdftex.def)             Requested size: 241.49895pt x 129.19696pt.

<kapper_mis.png, id=60, 513.92pt x 332.24126pt>
File: kapper_mis.png Graphic file (type png)
 <use kapper_mis.png>
Package pdftex.def Info: kapper_mis.png used on input line 85.
(pdftex.def)             Requested size: 241.49895pt x 156.12805pt.

<kleermaker_mis.png, id=61, 486.81876pt x 326.21875pt>
File: kleermaker_mis.png Graphic file (type png)

<use kleermaker_mis.png>
Package pdftex.def Info: kleermaker_mis.png used on input line 89.
(pdftex.def)             Requested size: 241.49895pt x 161.8297pt.
 [7 <./apotheker.png> <./kapper_mis.png> <./kleermaker_mis.png>] <tuinman_mis.p
ng, id=69, 488.82625pt x 294.09875pt>
File: tuinman_mis.png Graphic file (type png)

<use tuinman_mis.png>
Package pdftex.def Info: tuinman_mis.png used on input line 94.
(pdftex.def)             Requested size: 241.49895pt x 145.29884pt.
 <chauffeur.png, id=70, 501.875pt x 303.1325pt>
File: chauffeur.png Graphic file (type png)

<use chauffeur.png>
Package pdftex.def Info: chauffeur.png used on input line 98.
(pdftex.def)             Requested size: 241.49895pt x 145.86736pt.
 <jager.png, id=71, 505.89pt x 282.05376pt>
File: jager.png Graphic file (type png)
 <use jager.png>
Package pdftex.def Info: jager.png used on input line 102.
(pdftex.def)             Requested size: 241.49895pt x 134.6483pt.

[8 <./tuinman_mis.png> <./chauffeur.png> <./jager.png>]
<schoonmaker_mis.png, id=78, 470.75874pt x 282.05376pt>
File: schoonmaker_mis.png Graphic file (type png)

<use schoonmaker_mis.png>
Package pdftex.def Info: schoonmaker_mis.png used on input line 107.
(pdftex.def)             Requested size: 241.49895pt x 144.69334pt.
 <bakker_mis.png, id=79, 523.9575pt x 279.0425pt>
File: bakker_mis.png Graphic file (type png)

<use bakker_mis.png>
Package pdftex.def Info: bakker_mis.png used on input line 111.
(pdftex.def)             Requested size: 241.49895pt x 128.6123pt.
 <verpleegster.png, id=80, 483.8075pt x 284.06125pt>
File: verpleegster.png Graphic file (type png)

<use verpleegster.png>
Package pdftex.def Info: verpleegster.png used on input line 115.
(pdftex.def)             Requested size: 241.49895pt x 141.79187pt.
 [9 <./schoonmaker_mis.png> <./bakker_mis.png> <./verpleegster.png>] <slager.pn
g, id=87, 504.88625pt x 344.28625pt>
File: slager.png Graphic file (type png)
 <use slager.png>
Package pdftex.def Info: slager.png used on input line 120.
(pdftex.def)             Requested size: 241.49895pt x 164.68289pt.

<clown_mis.png, id=88, 494.84875pt x 283.0575pt>
File: clown_mis.png Graphic file (type png)
 <use clown_mis.png>
Package pdftex.def Info: clown_mis.png used on input line 124.
(pdftex.def)             Requested size: 241.49895pt x 138.1379pt.

<badmeester.png, id=89, 484.81125pt x 282.05376pt>
File: badmeester.png Graphic file (type png)
 <use badmeester.png>
Package pdftex.def Info: badmeester.png used on input line 128.
(pdftex.def)             Requested size: 241.49895pt x 140.50146pt.

[10 <./slager.png> <./clown_mis.png> <./badmeester.png>]
<muzikant.png, id=96, 478.78876pt x 265.99374pt>
File: muzikant.png Graphic file (type png)
 <use muzikant.png>
Package pdftex.def Info: muzikant.png used on input line 133.
(pdftex.def)             Requested size: 241.49895pt x 134.16545pt.

<bakker.png, id=97, 499.8675pt x 315.1775pt>
File: bakker.png Graphic file (type png)
 <use bakker.png>
Package pdftex.def Info: bakker.png used on input line 137.
(pdftex.def)             Requested size: 241.49895pt x 152.26936pt.

<brandweerman_mis.png, id=98, 498.86375pt x 281.05pt>
File: brandweerman_mis.png Graphic file (type png)

<use brandweerman_mis.png>
Package pdftex.def Info: brandweerman_mis.png used on input line 141.
(pdftex.def)             Requested size: 241.49895pt x 136.05606pt.
 [11 <./muzikant.png> <./bakker.png> <./brandweerman_mis.png>] <bankier_mis.png
, id=105, 468.75125pt x 274.02374pt>
File: bankier_mis.png Graphic file (type png)

<use bankier_mis.png>
Package pdftex.def Info: bankier_mis.png used on input line 146.
(pdftex.def)             Requested size: 241.49895pt x 141.17606pt.
 <politieman_mis.png, id=106, 491.8375pt x 345.29pt>
File: politieman_mis.png Graphic file (type png)

<use politieman_mis.png>
Package pdftex.def Info: politieman_mis.png used on input line 150.
(pdftex.def)             Requested size: 241.49895pt x 169.5413pt.
 <dirigent_mis.png, id=107, 493.845pt x 304.13625pt>
File: dirigent_mis.png Graphic file (type png)

<use dirigent_mis.png>
Package pdftex.def Info: dirigent_mis.png used on input line 154.
(pdftex.def)             Requested size: 241.49895pt x 148.72641pt.
 [12 <./bankier_mis.png> <./politieman_mis.png> <./dirigent_mis.png>] <detectiv
e.png, id=114, 492.84125pt x 294.09875pt>
File: detective.png Graphic file (type png)

<use detective.png>
Package pdftex.def Info: detective.png used on input line 159.
(pdftex.def)             Requested size: 241.49895pt x 144.11412pt.
 <kok.png, id=115, 492.84125pt x 299.1175pt>
File: kok.png Graphic file (type png)
 <use kok.png>
Package pdftex.def Info: kok.png used on input line 163.
(pdftex.def)             Requested size: 241.49895pt x 146.57341pt.

<architect_mis.png, id=116, 499.8675pt x 327.2225pt>
File: architect_mis.png Graphic file (type png)
 <use architect_mis.png>
Package pdftex.def Info: architect_mis.png used on input line 167.
(pdftex.def)             Requested size: 241.49895pt x 158.08858pt.

[13 <./detective.png> <./kok.png> <./architect_mis.png>]
<boer.png, id=124, 484.81125pt x 270.00874pt>
File: boer.png Graphic file (type png)
 <use boer.png>
Package pdftex.def Info: boer.png used on input line 172.
(pdftex.def)             Requested size: 241.49895pt x 134.50139pt.

<zeeman.png, id=125, 502.87875pt x 307.1475pt>
File: zeeman.png Graphic file (type png)
 <use zeeman.png>
Package pdftex.def Info: zeeman.png used on input line 176.
(pdftex.def)             Requested size: 241.49895pt x 147.49942pt.

<dokter_mis.png, id=126, 489.83pt x 256.96pt>
File: dokter_mis.png Graphic file (type png)
 <use dokter_mis.png>
Package pdftex.def Info: dokter_mis.png used on input line 180.
(pdftex.def)             Requested size: 241.49895pt x 126.68784pt.
 [14 <./boer.png> <./zeeman.png> <./dokter_mis.png>]
<loodgieter.png, id=133, 512.91624pt x 310.15875pt>
File: loodgieter.png Graphic file (type png)
 <use loodgieter.png>
Package pdftex.def Info: loodgieter.png used on input line 185.
(pdftex.def)             Requested size: 241.49895pt x 146.03493pt.

<kapitein_mis.png, id=134, 482.80376pt x 287.0725pt>
File: kapitein_mis.png Graphic file (type png)
 <use kapitein_mis.png>
Package pdftex.def Info: kapitein_mis.png used on input line 189.
(pdftex.def)             Requested size: 241.49895pt x 143.59283pt.

<duiker_mis.png, id=135, 508.90125pt x 343.2825pt>
File: duiker_mis.png Graphic file (type png)
 <use duiker_mis.png>
Package pdftex.def Info: duiker_mis.png used on input line 193.
(pdftex.def)             Requested size: 241.49895pt x 162.90373pt.

[15 <./loodgieter.png> <./kapitein_mis.png> <./duiker_mis.png>]
<kok_mis.png, id=142, 536.0025pt x 328.22626pt>
File: kok_mis.png Graphic file (type png)
 <use kok_mis.png>
Package pdftex.def Info: kok_mis.png used on input line 198.
(pdftex.def)             Requested size: 241.49895pt x 147.88074pt.

<kapitein.png, id=143, 500.87125pt x 342.27875pt>
File: kapitein.png Graphic file (type png)
 <use kapitein.png>
Package pdftex.def Info: kapitein.png used on input line 202.
(pdftex.def)             Requested size: 241.49895pt x 165.03355pt.

<detective_mis.png, id=144, 474.77374pt x 328.22626pt>
File: detective_mis.png Graphic file (type png)
 <use detective_mis.png>
Package pdftex.def Info: detective_mis.png used on input line 206.
(pdftex.def)             Requested size: 241.49895pt x 166.95744pt.

[16 <./kok_mis.png> <./kapitein.png> <./detective_mis.png>]
<houthakker_mis.png, id=151, 491.8375pt x 277.035pt>
File: houthakker_mis.png Graphic file (type png)
 <use houthakker_mis.png>
Package pdftex.def Info: houthakker_mis.png used on input line 211.
(pdftex.def)             Requested size: 241.49895pt x 136.02733pt.

<toerist.png, id=152, 471.7625pt x 241.90375pt>
File: toerist.png Graphic file (type png)
 <use toerist.png>
Package pdftex.def Info: toerist.png used on input line 215.
(pdftex.def)             Requested size: 241.49895pt x 123.83435pt.

<loodgieter_mis.png, id=153, 488.82625pt x 312.16624pt>
File: loodgieter_mis.png Graphic file (type png)

<use loodgieter_mis.png>
Package pdftex.def Info: loodgieter_mis.png used on input line 219.
(pdftex.def)             Requested size: 241.49895pt x 154.22505pt.
 [17 <./houthakker_mis.png> <./toerist.png> <./loodgieter_mis.png>] <tandarts.p
ng, id=160, 477.785pt x 282.05376pt>
File: tandarts.png Graphic file (type png)

<use tandarts.png>
Package pdftex.def Info: tandarts.png used on input line 224.
(pdftex.def)             Requested size: 241.49895pt x 142.56297pt.
 <apotheker_mis.png, id=161, 491.8375pt x 354.32375pt>
File: apotheker_mis.png Graphic file (type png)

<use apotheker_mis.png>
Package pdftex.def Info: apotheker_mis.png used on input line 228.
(pdftex.def)             Requested size: 241.49895pt x 173.97697pt.
 <journalist.png, id=162, 499.8675pt x 270.00874pt>
File: journalist.png Graphic file (type png)

<use journalist.png>
Package pdftex.def Info: journalist.png used on input line 232.
(pdftex.def)             Requested size: 241.49895pt x 130.44731pt.
 [18 <./tandarts.png> <./apotheker_mis.png> <./journalist.png>] <bibliothecaris
_mis.png, id=169, 484.81125pt x 287.0725pt>
File: bibliothecaris_mis.png Graphic file (type png)

<use bibliothecaris_mis.png>
Package pdftex.def Info: bibliothecaris_mis.png used on input line 237.
(pdftex.def)             Requested size: 241.49895pt x 143.00148pt.

<jager_mis.png, id=170, 512.91624pt x 326.21875pt>
File: jager_mis.png Graphic file (type png)
 <use jager_mis.png>
Package pdftex.def Info: jager_mis.png used on input line 241.
(pdftex.def)             Requested size: 241.49895pt x 153.5966pt.

<zanger.png, id=171, 502.87875pt x 271.0125pt>
File: zanger.png Graphic file (type png)
 <use zanger.png>
Package pdftex.def Info: zanger.png used on input line 245.
(pdftex.def)             Requested size: 241.49895pt x 130.14655pt.
 [19 <./bibliothecaris_mis.png> <./jager_mis.png> <./zanger.png>]
<bibliothecaris.png, id=179, 477.785pt x 320.19624pt>
File: bibliothecaris.png Graphic file (type png)
 <use bibliothecaris.png>
Package pdftex.def Info: bibliothecaris.png used on input line 250.
(pdftex.def)             Requested size: 241.49895pt x 161.84195pt.

<zakenman_mis.png, id=180, 500.87125pt x 283.0575pt>
File: zakenman_mis.png Graphic file (type png)
 <use zakenman_mis.png>
Package pdftex.def Info: zakenman_mis.png used on input line 254.
(pdftex.def)             Requested size: 241.49895pt x 136.47935pt.

<piloot_mis.png, id=181, 486.81876pt x 285.065pt>
File: piloot_mis.png Graphic file (type png)
 <use piloot_mis.png>
Package pdftex.def Info: piloot_mis.png used on input line 258.
(pdftex.def)             Requested size: 241.49895pt x 141.41426pt.
 [20 <./bibliothecaris.png> <./zakenman_mis.png> <./piloot_mis.png>]
<bioloog_mis.png, id=188, 486.81876pt x 298.11375pt>
File: bioloog_mis.png Graphic file (type png)
 <use bioloog_mis.png>
Package pdftex.def Info: bioloog_mis.png used on input line 263.
(pdftex.def)             Requested size: 241.49895pt x 147.88745pt.

<zanger_mis.png, id=189, 520.94624pt x 291.0875pt>
File: zanger_mis.png Graphic file (type png)
 <use zanger_mis.png>
Package pdftex.def Info: zanger_mis.png used on input line 267.
(pdftex.def)             Requested size: 241.49895pt x 134.94121pt.

<architect.png, id=190, 491.8375pt x 322.20375pt>
File: architect.png Graphic file (type png)
 <use architect.png>
Package pdftex.def Info: architect.png used on input line 271.
(pdftex.def)             Requested size: 241.49895pt x 158.20569pt.
 [21 <./bioloog_mis.png> <./zanger_mis.png> <./architect.png>]
<bankier.png, id=197, 491.8375pt x 268.00125pt>
File: bankier.png Graphic file (type png)
 <use bankier.png>
Package pdftex.def Info: bankier.png used on input line 276.
(pdftex.def)             Requested size: 241.49895pt x 131.59164pt.

<atleet_mis.png, id=198, 496.85625pt x 254.9525pt>
File: atleet_mis.png Graphic file (type png)
 <use atleet_mis.png>
Package pdftex.def Info: atleet_mis.png used on input line 280.
(pdftex.def)             Requested size: 241.49895pt x 123.92023pt.

<boer_mis.png, id=199, 485.815pt x 288.07625pt>
File: boer_mis.png Graphic file (type png)
 <use boer_mis.png>
Package pdftex.def Info: boer_mis.png used on input line 284.
(pdftex.def)             Requested size: 241.49895pt x 143.20258pt.
 [22 <./bankier.png> <./atleet_mis.png> <./boer_mis.png>]
<dirigent.png, id=206, 519.9425pt x 329.23pt>
File: dirigent.png Graphic file (type png)
 <use dirigent.png>
Package pdftex.def Info: dirigent.png used on input line 289.
(pdftex.def)             Requested size: 241.49895pt x 152.91454pt.

<muzikant_mis.png, id=207, 490.83376pt x 278.03876pt>
File: muzikant_mis.png Graphic file (type png)
 <use muzikant_mis.png>
Package pdftex.def Info: muzikant_mis.png used on input line 293.
(pdftex.def)             Requested size: 241.49895pt x 136.80019pt.

<chauffeur_mis.png, id=208, 491.8375pt x 319.1925pt>
File: chauffeur_mis.png Graphic file (type png)
 <use chauffeur_mis.png>
Package pdftex.def Info: chauffeur_mis.png used on input line 297.
(pdftex.def)             Requested size: 241.49895pt x 156.72714pt.

[23 <./dirigent.png> <./muzikant_mis.png> <./chauffeur_mis.png>]
<atleet.png, id=215, 489.83pt x 269.005pt>
File: atleet.png Graphic file (type png)
 <use atleet.png>
Package pdftex.def Info: atleet.png used on input line 302.
(pdftex.def)             Requested size: 241.49895pt x 132.62633pt.

<dokter.png, id=216, 479.7925pt x 322.20375pt>
File: dokter.png Graphic file (type png)
 <use dokter.png>
Package pdftex.def Info: dokter.png used on input line 306.
(pdftex.def)             Requested size: 241.49895pt x 162.17816pt.

<slager_mis.png, id=217, 487.8225pt x 279.0425pt>
File: slager_mis.png Graphic file (type png)
 <use slager_mis.png>
Package pdftex.def Info: slager_mis.png used on input line 310.
(pdftex.def)             Requested size: 241.49895pt x 138.14136pt.
 [24 <./atleet.png> <./dokter.png> <./slager_mis.png>]
<goochelaar.png, id=224, 494.84875pt x 286.06876pt>
File: goochelaar.png Graphic file (type png)
 <use goochelaar.png>
Package pdftex.def Info: goochelaar.png used on input line 315.
(pdftex.def)             Requested size: 241.49895pt x 139.60745pt.

<clown.png, id=225, 503.8825pt x 302.12875pt>
File: clown.png Graphic file (type png)
 <use clown.png>
Package pdftex.def Info: clown.png used on input line 319.
(pdftex.def)             Requested size: 241.49895pt x 144.80347pt.

<verpleegster_mis.png, id=226, 493.845pt x 276.03125pt>
File: verpleegster_mis.png Graphic file (type png)

<use verpleegster_mis.png>
Package pdftex.def Info: verpleegster_mis.png used on input line 323.
(pdftex.def)             Requested size: 241.49895pt x 134.98271pt.
 [25 <./goochelaar.png> <./clown.png> <./verpleegster_mis.png>] <rechter_mis.pn
g, id=234, 511.9125pt x 319.1925pt>
File: rechter_mis.png Graphic file (type png)

<use rechter_mis.png>
Package pdftex.def Info: rechter_mis.png used on input line 328.
(pdftex.def)             Requested size: 241.49895pt x 150.5806pt.
 <dichter.png, id=235, 490.83376pt x 304.13625pt>
File: dichter.png Graphic file (type png)

<use dichter.png>
Package pdftex.def Info: dichter.png used on input line 332.
(pdftex.def)             Requested size: 241.49895pt x 149.64064pt.
 <timmerman_mis.png, id=236, 493.845pt x 277.035pt>
File: timmerman_mis.png Graphic file (type png)

<use timmerman_mis.png>
Package pdftex.def Info: timmerman_mis.png used on input line 336.
(pdftex.def)             Requested size: 241.49895pt x 135.47356pt.
 [26 <./rechter_mis.png> <./dichter.png> <./timmerman_mis.png>] <schilder.png, 
id=243, 504.88625pt x 341.275pt>
File: schilder.png Graphic file (type png)
 <use schilder.png>
Package pdftex.def Info: schilder.png used on input line 341.
(pdftex.def)             Requested size: 241.49895pt x 163.24252pt.

<politieman.png, id=244, 497.86pt x 319.1925pt>
File: politieman.png Graphic file (type png)
 <use politieman.png>
Package pdftex.def Info: politieman.png used on input line 345.
(pdftex.def)             Requested size: 241.49895pt x 154.83252pt.

<astronaut_mis.png, id=245, 493.845pt x 277.035pt>
File: astronaut_mis.png Graphic file (type png)
 <use astronaut_mis.png>
Package pdftex.def Info: astronaut_mis.png used on input line 349.
(pdftex.def)             Requested size: 241.49895pt x 135.47356pt.

[27 <./schilder.png> <./politieman.png> <./astronaut_mis.png>]
<badmeester_mis.png, id=252, 482.80376pt x 306.14375pt>
File: badmeester_mis.png Graphic file (type png)

<use badmeester_mis.png>
Package pdftex.def Info: badmeester_mis.png used on input line 354.
(pdftex.def)             Requested size: 241.49895pt x 153.13222pt.
 <timmerman.png, id=253, 498.86375pt x 345.29pt>
File: timmerman.png Graphic file (type png)

<use timmerman.png>
Package pdftex.def Info: timmerman.png used on input line 358.
(pdftex.def)             Requested size: 241.49895pt x 167.15459pt.
 <dichter_mis.png, id=254, 464.73625pt x 236.885pt>
File: dichter_mis.png Graphic file (type png)

<use dichter_mis.png>
Package pdftex.def Info: dichter_mis.png used on input line 362.
(pdftex.def)             Requested size: 241.49895pt x 123.09415pt.
 [28 <./badmeester_mis.png> <./timmerman.png> <./dichter_mis.png>] <duiker.png,
 id=261, 479.7925pt x 304.13625pt>
File: duiker.png Graphic file (type png)
 <use duiker.png>
Package pdftex.def Info: duiker.png used on input line 367.
(pdftex.def)             Requested size: 241.49895pt x 153.08406pt.
)
[29





























 <./duiker.png>] (./template_Survey.aux) ) 
Here is how much of TeX's memory you used:
 1903 strings out of 493089
 28918 string characters out of 6134842
 77562 words of memory out of 5000000
 5320 multiletter control sequences out of 15000+600000
 3640 words of font info for 14 fonts, out of 8000000 for 9000
 1141 hyphenation exceptions out of 8191
 37i,5n,23p,241b,224s stack positions out of 5000i,500n,10000p,200000b,80000s
</usr/local/texlive/2015/texmf-dist/f
onts/type1/public/amsfonts/cm/cmr10.pfb>
Output written on template_Survey.pdf (29 pages, 2825483 bytes).
PDF statistics:
 272 PDF objects out of 1000 (max. 8388607)
 69 compressed objects within 1 object stream
 0 named destinations out of 1000 (max. 500000)
 426 words of extra memory for PDF output out of 10000 (max. 10000000)

